[0.078s] DEBUG:colcon:Command line arguments: ['/usr/bin/colcon', 'build', '--symlink-install']
[0.079s] DEBUG:colcon:Parsed command line arguments: Namespace(log_base=None, log_level=None, verb_name='build', build_base='build', install_base='install', merge_install=False, symlink_install=True, test_result_base=None, continue_on_error=False, executor='parallel', parallel_workers=16, event_handlers=None, ignore_user_meta=False, metas=['./colcon.meta'], base_paths=['.'], packages_ignore=None, packages_ignore_regex=None, paths=None, packages_up_to=None, packages_up_to_regex=None, packages_above=None, packages_above_and_dependencies=None, packages_above_depth=None, packages_select_by_dep=None, packages_skip_by_dep=None, packages_skip_up_to=None, packages_select_build_failed=False, packages_skip_build_finished=False, packages_select_test_failures=False, packages_skip_test_passed=False, packages_select=None, packages_skip=None, packages_select_regex=None, packages_skip_regex=None, packages_start=None, packages_end=None, allow_overriding=[], cmake_args=None, cmake_target=None, cmake_target_skip_unavailable=False, cmake_clean_cache=False, cmake_clean_first=False, cmake_force_configure=False, ament_cmake_args=None, catkin_cmake_args=None, catkin_skip_building_tests=False, verb_parser=<colcon_defaults.argument_parser.defaults.DefaultArgumentsDecorator object at 0x77a6b8b57010>, verb_extension=<colcon_core.verb.build.BuildVerb object at 0x77a6b8c9c400>, main=<bound method BuildVerb.main of <colcon_core.verb.build.BuildVerb object at 0x77a6b8c9c400>>)
[0.231s] Level 1:colcon.colcon_core.package_discovery:discover_packages(colcon_meta) check parameters
[0.231s] Level 1:colcon.colcon_core.package_discovery:discover_packages(recursive) check parameters
[0.231s] Level 1:colcon.colcon_core.package_discovery:discover_packages(ignore) check parameters
[0.231s] Level 1:colcon.colcon_core.package_discovery:discover_packages(path) check parameters
[0.231s] Level 1:colcon.colcon_core.package_discovery:discover_packages(colcon_meta) discover
[0.232s] Level 1:colcon.colcon_core.package_discovery:discover_packages(recursive) discover
[0.232s] INFO:colcon.colcon_core.package_discovery:Crawling recursively for packages in '/home/theanh/agv_test_ws'
[0.232s] Level 1:colcon.colcon_core.package_identification:_identify(.) by extensions ['ignore', 'ignore_ament_install']
[0.232s] Level 1:colcon.colcon_core.package_identification:_identify(.) by extension 'ignore'
[0.232s] Level 1:colcon.colcon_core.package_identification:_identify(.) by extension 'ignore_ament_install'
[0.232s] Level 1:colcon.colcon_core.package_identification:_identify(.) by extensions ['colcon_pkg']
[0.232s] Level 1:colcon.colcon_core.package_identification:_identify(.) by extension 'colcon_pkg'
[0.232s] Level 1:colcon.colcon_core.package_identification:_identify(.) by extensions ['colcon_meta']
[0.232s] Level 1:colcon.colcon_core.package_identification:_identify(.) by extension 'colcon_meta'
[0.232s] Level 1:colcon.colcon_core.package_identification:_identify(.) by extensions ['ros']
[0.232s] Level 1:colcon.colcon_core.package_identification:_identify(.) by extension 'ros'
[0.240s] Level 1:colcon.colcon_core.package_identification:_identify(.) by extensions ['cmake', 'python']
[0.240s] Level 1:colcon.colcon_core.package_identification:_identify(.) by extension 'cmake'
[0.240s] Level 1:colcon.colcon_core.package_identification:_identify(.) by extension 'python'
[0.240s] Level 1:colcon.colcon_core.package_identification:_identify(.) by extensions ['python_setup_py']
[0.240s] Level 1:colcon.colcon_core.package_identification:_identify(.) by extension 'python_setup_py'
[0.240s] Level 1:colcon.colcon_core.package_identification:_identify(build) by extensions ['ignore', 'ignore_ament_install']
[0.240s] Level 1:colcon.colcon_core.package_identification:_identify(build) by extension 'ignore'
[0.240s] Level 1:colcon.colcon_core.package_identification:_identify(build) ignored
[0.240s] Level 1:colcon.colcon_core.package_identification:_identify(install) by extensions ['ignore', 'ignore_ament_install']
[0.240s] Level 1:colcon.colcon_core.package_identification:_identify(install) by extension 'ignore'
[0.240s] Level 1:colcon.colcon_core.package_identification:_identify(install) ignored
[0.240s] Level 1:colcon.colcon_core.package_identification:_identify(log) by extensions ['ignore', 'ignore_ament_install']
[0.241s] Level 1:colcon.colcon_core.package_identification:_identify(log) by extension 'ignore'
[0.241s] Level 1:colcon.colcon_core.package_identification:_identify(log) ignored
[0.241s] Level 1:colcon.colcon_core.package_identification:_identify(src) by extensions ['ignore', 'ignore_ament_install']
[0.241s] Level 1:colcon.colcon_core.package_identification:_identify(src) by extension 'ignore'
[0.241s] Level 1:colcon.colcon_core.package_identification:_identify(src) by extension 'ignore_ament_install'
[0.241s] Level 1:colcon.colcon_core.package_identification:_identify(src) by extensions ['colcon_pkg']
[0.241s] Level 1:colcon.colcon_core.package_identification:_identify(src) by extension 'colcon_pkg'
[0.241s] Level 1:colcon.colcon_core.package_identification:_identify(src) by extensions ['colcon_meta']
[0.241s] Level 1:colcon.colcon_core.package_identification:_identify(src) by extension 'colcon_meta'
[0.241s] Level 1:colcon.colcon_core.package_identification:_identify(src) by extensions ['ros']
[0.241s] Level 1:colcon.colcon_core.package_identification:_identify(src) by extension 'ros'
[0.241s] Level 1:colcon.colcon_core.package_identification:_identify(src) by extensions ['cmake', 'python']
[0.241s] Level 1:colcon.colcon_core.package_identification:_identify(src) by extension 'cmake'
[0.241s] Level 1:colcon.colcon_core.package_identification:_identify(src) by extension 'python'
[0.241s] Level 1:colcon.colcon_core.package_identification:_identify(src) by extensions ['python_setup_py']
[0.241s] Level 1:colcon.colcon_core.package_identification:_identify(src) by extension 'python_setup_py'
[0.241s] Level 1:colcon.colcon_core.package_identification:_identify(src/agv_test_pkg) by extensions ['ignore', 'ignore_ament_install']
[0.241s] Level 1:colcon.colcon_core.package_identification:_identify(src/agv_test_pkg) by extension 'ignore'
[0.241s] Level 1:colcon.colcon_core.package_identification:_identify(src/agv_test_pkg) by extension 'ignore_ament_install'
[0.241s] Level 1:colcon.colcon_core.package_identification:_identify(src/agv_test_pkg) by extensions ['colcon_pkg']
[0.241s] Level 1:colcon.colcon_core.package_identification:_identify(src/agv_test_pkg) by extension 'colcon_pkg'
[0.241s] Level 1:colcon.colcon_core.package_identification:_identify(src/agv_test_pkg) by extensions ['colcon_meta']
[0.241s] Level 1:colcon.colcon_core.package_identification:_identify(src/agv_test_pkg) by extension 'colcon_meta'
[0.241s] Level 1:colcon.colcon_core.package_identification:_identify(src/agv_test_pkg) by extensions ['ros']
[0.241s] Level 1:colcon.colcon_core.package_identification:_identify(src/agv_test_pkg) by extension 'ros'
[0.250s] DEBUG:colcon.colcon_core.package_identification:Package 'src/agv_test_pkg' with type 'ros.ament_cmake' and name 'agv_test_pkg'
[0.251s] Level 1:colcon.colcon_core.package_identification:_identify(src/sllidar_ros2) by extensions ['ignore', 'ignore_ament_install']
[0.251s] Level 1:colcon.colcon_core.package_identification:_identify(src/sllidar_ros2) by extension 'ignore'
[0.251s] Level 1:colcon.colcon_core.package_identification:_identify(src/sllidar_ros2) by extension 'ignore_ament_install'
[0.251s] Level 1:colcon.colcon_core.package_identification:_identify(src/sllidar_ros2) by extensions ['colcon_pkg']
[0.251s] Level 1:colcon.colcon_core.package_identification:_identify(src/sllidar_ros2) by extension 'colcon_pkg'
[0.251s] Level 1:colcon.colcon_core.package_identification:_identify(src/sllidar_ros2) by extensions ['colcon_meta']
[0.251s] Level 1:colcon.colcon_core.package_identification:_identify(src/sllidar_ros2) by extension 'colcon_meta'
[0.251s] Level 1:colcon.colcon_core.package_identification:_identify(src/sllidar_ros2) by extensions ['ros']
[0.251s] Level 1:colcon.colcon_core.package_identification:_identify(src/sllidar_ros2) by extension 'ros'
[0.251s] DEBUG:colcon.colcon_core.package_identification:Package 'src/sllidar_ros2' with type 'ros.ament_cmake' and name 'sllidar_ros2'
[0.251s] Level 1:colcon.colcon_core.package_discovery:discover_packages(recursive) using defaults
[0.251s] Level 1:colcon.colcon_core.package_discovery:discover_packages(ignore) discover
[0.251s] Level 1:colcon.colcon_core.package_discovery:discover_packages(ignore) using defaults
[0.251s] Level 1:colcon.colcon_core.package_discovery:discover_packages(path) discover
[0.251s] Level 1:colcon.colcon_core.package_discovery:discover_packages(path) using defaults
[0.265s] Level 1:colcon.colcon_core.package_discovery:discover_packages(prefix_path) check parameters
[0.266s] Level 1:colcon.colcon_core.package_discovery:discover_packages(prefix_path) discover
[0.266s] WARNING:colcon.colcon_ros.prefix_path.ament:The path '/home/theanh/agv_test_ws/install/sllidar_ros2' in the environment variable AMENT_PREFIX_PATH doesn't exist
[0.266s] WARNING:colcon.colcon_ros.prefix_path.ament:The path '/home/theanh/agv_test_ws/install/agv_test_pkg' in the environment variable AMENT_PREFIX_PATH doesn't exist
[0.267s] WARNING:colcon.colcon_ros.prefix_path.catkin:The path '/home/theanh/agv_test_ws/install/sllidar_ros2' in the environment variable CMAKE_PREFIX_PATH doesn't exist
[0.267s] WARNING:colcon.colcon_ros.prefix_path.catkin:The path '/home/theanh/agv_test_ws/install/agv_test_pkg' in the environment variable CMAKE_PREFIX_PATH doesn't exist
[0.267s] DEBUG:colcon.colcon_installed_package_information.package_discovery:Found 0 installed packages in /home/theanh/agv_test_ws/install
[0.268s] DEBUG:colcon.colcon_installed_package_information.package_discovery:Found 7 installed packages in /home/theanh/mobile_rb_ws/install
[0.268s] DEBUG:colcon.colcon_installed_package_information.package_discovery:Found 1 installed packages in /home/theanh/gui_rviz2_qt5/install
[0.268s] DEBUG:colcon.colcon_installed_package_information.package_discovery:Found 3 installed packages in /home/theanh/ros2_ws/install
[0.270s] DEBUG:colcon.colcon_installed_package_information.package_discovery:Found 449 installed packages in /opt/ros/humble
[0.271s] Level 1:colcon.colcon_core.package_discovery:discover_packages(prefix_path) using defaults
[0.311s] Level 5:colcon.colcon_core.verb:set package 'agv_test_pkg' build argument 'cmake_args' from command line to 'None'
[0.311s] Level 5:colcon.colcon_core.verb:set package 'agv_test_pkg' build argument 'cmake_target' from command line to 'None'
[0.311s] Level 5:colcon.colcon_core.verb:set package 'agv_test_pkg' build argument 'cmake_target_skip_unavailable' from command line to 'False'
[0.311s] Level 5:colcon.colcon_core.verb:set package 'agv_test_pkg' build argument 'cmake_clean_cache' from command line to 'False'
[0.311s] Level 5:colcon.colcon_core.verb:set package 'agv_test_pkg' build argument 'cmake_clean_first' from command line to 'False'
[0.311s] Level 5:colcon.colcon_core.verb:set package 'agv_test_pkg' build argument 'cmake_force_configure' from command line to 'False'
[0.311s] Level 5:colcon.colcon_core.verb:set package 'agv_test_pkg' build argument 'ament_cmake_args' from command line to 'None'
[0.311s] Level 5:colcon.colcon_core.verb:set package 'agv_test_pkg' build argument 'catkin_cmake_args' from command line to 'None'
[0.311s] Level 5:colcon.colcon_core.verb:set package 'agv_test_pkg' build argument 'catkin_skip_building_tests' from command line to 'False'
[0.311s] DEBUG:colcon.colcon_core.verb:Building package 'agv_test_pkg' with the following arguments: {'ament_cmake_args': None, 'build_base': '/home/theanh/agv_test_ws/build/agv_test_pkg', 'catkin_cmake_args': None, 'catkin_skip_building_tests': False, 'cmake_args': None, 'cmake_clean_cache': False, 'cmake_clean_first': False, 'cmake_force_configure': False, 'cmake_target': None, 'cmake_target_skip_unavailable': False, 'install_base': '/home/theanh/agv_test_ws/install/agv_test_pkg', 'merge_install': False, 'path': '/home/theanh/agv_test_ws/src/agv_test_pkg', 'symlink_install': True, 'test_result_base': None}
[0.311s] Level 5:colcon.colcon_core.verb:set package 'sllidar_ros2' build argument 'cmake_args' from command line to 'None'
[0.311s] Level 5:colcon.colcon_core.verb:set package 'sllidar_ros2' build argument 'cmake_target' from command line to 'None'
[0.311s] Level 5:colcon.colcon_core.verb:set package 'sllidar_ros2' build argument 'cmake_target_skip_unavailable' from command line to 'False'
[0.311s] Level 5:colcon.colcon_core.verb:set package 'sllidar_ros2' build argument 'cmake_clean_cache' from command line to 'False'
[0.311s] Level 5:colcon.colcon_core.verb:set package 'sllidar_ros2' build argument 'cmake_clean_first' from command line to 'False'
[0.311s] Level 5:colcon.colcon_core.verb:set package 'sllidar_ros2' build argument 'cmake_force_configure' from command line to 'False'
[0.311s] Level 5:colcon.colcon_core.verb:set package 'sllidar_ros2' build argument 'ament_cmake_args' from command line to 'None'
[0.311s] Level 5:colcon.colcon_core.verb:set package 'sllidar_ros2' build argument 'catkin_cmake_args' from command line to 'None'
[0.311s] Level 5:colcon.colcon_core.verb:set package 'sllidar_ros2' build argument 'catkin_skip_building_tests' from command line to 'False'
[0.311s] DEBUG:colcon.colcon_core.verb:Building package 'sllidar_ros2' with the following arguments: {'ament_cmake_args': None, 'build_base': '/home/theanh/agv_test_ws/build/sllidar_ros2', 'catkin_cmake_args': None, 'catkin_skip_building_tests': False, 'cmake_args': None, 'cmake_clean_cache': False, 'cmake_clean_first': False, 'cmake_force_configure': False, 'cmake_target': None, 'cmake_target_skip_unavailable': False, 'install_base': '/home/theanh/agv_test_ws/install/sllidar_ros2', 'merge_install': False, 'path': '/home/theanh/agv_test_ws/src/sllidar_ros2', 'symlink_install': True, 'test_result_base': None}
[0.311s] INFO:colcon.colcon_core.executor:Executing jobs using 'parallel' executor
[0.312s] DEBUG:colcon.colcon_parallel_executor.executor.parallel:run_until_complete
[0.312s] INFO:colcon.colcon_ros.task.ament_cmake.build:Building ROS package in '/home/theanh/agv_test_ws/src/agv_test_pkg' with build type 'ament_cmake'
[0.312s] INFO:colcon.colcon_cmake.task.cmake.build:Building CMake package in '/home/theanh/agv_test_ws/src/agv_test_pkg'
[0.314s] INFO:colcon.colcon_core.plugin_system:Skipping extension 'colcon_core.shell.bat': Not used on non-Windows systems
[0.314s] INFO:colcon.colcon_core.shell:Skip shell extension 'powershell' for command environment: Not usable outside of PowerShell
[0.314s] DEBUG:colcon.colcon_core.shell:Skip shell extension 'dsv' for command environment
[0.318s] INFO:colcon.colcon_ros.task.ament_cmake.build:Building ROS package in '/home/theanh/agv_test_ws/src/sllidar_ros2' with build type 'ament_cmake'
[0.318s] INFO:colcon.colcon_cmake.task.cmake.build:Building CMake package in '/home/theanh/agv_test_ws/src/sllidar_ros2'
[0.319s] INFO:colcon.colcon_core.shell:Skip shell extension 'powershell' for command environment: Not usable outside of PowerShell
[0.319s] DEBUG:colcon.colcon_core.shell:Skip shell extension 'dsv' for command environment
[0.326s] DEBUG:colcon.colcon_core.event_handler.log_command:Invoking command in '/home/theanh/agv_test_ws/build/agv_test_pkg': CMAKE_PREFIX_PATH=${CMAKE_PREFIX_PATH}:/home/theanh/mobile_rb_ws/install/nav2_gps_waypoint_follower_demo:/home/theanh/ros2_ws/install/actions_py:/home/theanh/ros2_ws/install/my_robot_controller:/opt/ros/humble /usr/bin/cmake --build /home/theanh/agv_test_ws/build/agv_test_pkg -- -j16 -l16
[0.330s] DEBUG:colcon.colcon_core.event_handler.log_command:Invoking command in '/home/theanh/agv_test_ws/build/sllidar_ros2': CMAKE_PREFIX_PATH=${CMAKE_PREFIX_PATH}:/home/theanh/mobile_rb_ws/install/nav2_gps_waypoint_follower_demo:/home/theanh/ros2_ws/install/actions_py:/home/theanh/ros2_ws/install/my_robot_controller:/opt/ros/humble /usr/bin/cmake --build /home/theanh/agv_test_ws/build/sllidar_ros2 -- -j16 -l16
[0.361s] DEBUG:colcon.colcon_core.event_handler.log_command:Invoked command in '/home/theanh/agv_test_ws/build/agv_test_pkg' returned '0': CMAKE_PREFIX_PATH=${CMAKE_PREFIX_PATH}:/home/theanh/mobile_rb_ws/install/nav2_gps_waypoint_follower_demo:/home/theanh/ros2_ws/install/actions_py:/home/theanh/ros2_ws/install/my_robot_controller:/opt/ros/humble /usr/bin/cmake --build /home/theanh/agv_test_ws/build/agv_test_pkg -- -j16 -l16
[0.370s] DEBUG:colcon.colcon_core.event_handler.log_command:Invoking command in '/home/theanh/agv_test_ws/build/agv_test_pkg': CMAKE_PREFIX_PATH=${CMAKE_PREFIX_PATH}:/home/theanh/mobile_rb_ws/install/nav2_gps_waypoint_follower_demo:/home/theanh/ros2_ws/install/actions_py:/home/theanh/ros2_ws/install/my_robot_controller:/opt/ros/humble /usr/bin/cmake --install /home/theanh/agv_test_ws/build/agv_test_pkg
[0.387s] DEBUG:colcon.colcon_core.event_handler.log_command:Invoked command in '/home/theanh/agv_test_ws/build/sllidar_ros2' returned '0': CMAKE_PREFIX_PATH=${CMAKE_PREFIX_PATH}:/home/theanh/mobile_rb_ws/install/nav2_gps_waypoint_follower_demo:/home/theanh/ros2_ws/install/actions_py:/home/theanh/ros2_ws/install/my_robot_controller:/opt/ros/humble /usr/bin/cmake --build /home/theanh/agv_test_ws/build/sllidar_ros2 -- -j16 -l16
[0.388s] DEBUG:colcon.colcon_core.event_handler.log_command:Invoking command in '/home/theanh/agv_test_ws/build/sllidar_ros2': CMAKE_PREFIX_PATH=${CMAKE_PREFIX_PATH}:/home/theanh/mobile_rb_ws/install/nav2_gps_waypoint_follower_demo:/home/theanh/ros2_ws/install/actions_py:/home/theanh/ros2_ws/install/my_robot_controller:/opt/ros/humble /usr/bin/cmake --install /home/theanh/agv_test_ws/build/sllidar_ros2
[0.700s] Level 1:colcon.colcon_core.environment:create_environment_scripts_only(agv_test_pkg)
[0.700s] DEBUG:colcon.colcon_core.event_handler.log_command:Invoked command in '/home/theanh/agv_test_ws/build/agv_test_pkg' returned '0': CMAKE_PREFIX_PATH=${CMAKE_PREFIX_PATH}:/home/theanh/mobile_rb_ws/install/nav2_gps_waypoint_follower_demo:/home/theanh/ros2_ws/install/actions_py:/home/theanh/ros2_ws/install/my_robot_controller:/opt/ros/humble /usr/bin/cmake --install /home/theanh/agv_test_ws/build/agv_test_pkg
[0.702s] Level 1:colcon.colcon_core.environment:checking '/home/theanh/agv_test_ws/install/agv_test_pkg' for CMake module files
[0.702s] Level 1:colcon.colcon_core.environment:checking '/home/theanh/agv_test_ws/install/agv_test_pkg' for CMake config files
[0.703s] Level 1:colcon.colcon_core.shell:create_environment_hook('agv_test_pkg', 'cmake_prefix_path')
[0.703s] INFO:colcon.colcon_core.shell:Creating environment hook '/home/theanh/agv_test_ws/install/agv_test_pkg/share/agv_test_pkg/hook/cmake_prefix_path.ps1'
[0.704s] INFO:colcon.colcon_core.shell:Creating environment descriptor '/home/theanh/agv_test_ws/install/agv_test_pkg/share/agv_test_pkg/hook/cmake_prefix_path.dsv'
[0.704s] INFO:colcon.colcon_core.shell:Creating environment hook '/home/theanh/agv_test_ws/install/agv_test_pkg/share/agv_test_pkg/hook/cmake_prefix_path.sh'
[0.704s] Level 1:colcon.colcon_core.environment:checking '/home/theanh/agv_test_ws/install/agv_test_pkg/lib'
[0.705s] Level 1:colcon.colcon_core.environment:checking '/home/theanh/agv_test_ws/install/agv_test_pkg/bin'
[0.705s] Level 1:colcon.colcon_core.environment:checking '/home/theanh/agv_test_ws/install/agv_test_pkg/lib/pkgconfig/agv_test_pkg.pc'
[0.705s] Level 1:colcon.colcon_core.environment:checking '/home/theanh/agv_test_ws/install/agv_test_pkg/lib/python3.10/site-packages'
[0.705s] Level 1:colcon.colcon_core.environment:checking '/home/theanh/agv_test_ws/install/agv_test_pkg/bin'
[0.706s] INFO:colcon.colcon_core.shell:Creating package script '/home/theanh/agv_test_ws/install/agv_test_pkg/share/agv_test_pkg/package.ps1'
[0.706s] INFO:colcon.colcon_core.shell:Creating package descriptor '/home/theanh/agv_test_ws/install/agv_test_pkg/share/agv_test_pkg/package.dsv'
[0.707s] INFO:colcon.colcon_core.shell:Creating package script '/home/theanh/agv_test_ws/install/agv_test_pkg/share/agv_test_pkg/package.sh'
[0.707s] INFO:colcon.colcon_core.shell:Creating package script '/home/theanh/agv_test_ws/install/agv_test_pkg/share/agv_test_pkg/package.bash'
[0.708s] INFO:colcon.colcon_core.shell:Creating package script '/home/theanh/agv_test_ws/install/agv_test_pkg/share/agv_test_pkg/package.zsh'
[0.708s] Level 1:colcon.colcon_core.environment:create_file_with_runtime_dependencies(/home/theanh/agv_test_ws/install/agv_test_pkg/share/colcon-core/packages/agv_test_pkg)
[0.708s] Level 1:colcon.colcon_core.environment:create_environment_scripts_only(agv_test_pkg)
[0.709s] Level 1:colcon.colcon_core.environment:checking '/home/theanh/agv_test_ws/install/agv_test_pkg' for CMake module files
[0.709s] Level 1:colcon.colcon_core.environment:checking '/home/theanh/agv_test_ws/install/agv_test_pkg' for CMake config files
[0.709s] Level 1:colcon.colcon_core.shell:create_environment_hook('agv_test_pkg', 'cmake_prefix_path')
[0.709s] INFO:colcon.colcon_core.shell:Creating environment hook '/home/theanh/agv_test_ws/install/agv_test_pkg/share/agv_test_pkg/hook/cmake_prefix_path.ps1'
[0.710s] INFO:colcon.colcon_core.shell:Creating environment descriptor '/home/theanh/agv_test_ws/install/agv_test_pkg/share/agv_test_pkg/hook/cmake_prefix_path.dsv'
[0.710s] INFO:colcon.colcon_core.shell:Creating environment hook '/home/theanh/agv_test_ws/install/agv_test_pkg/share/agv_test_pkg/hook/cmake_prefix_path.sh'
[0.710s] Level 1:colcon.colcon_core.environment:checking '/home/theanh/agv_test_ws/install/agv_test_pkg/lib'
[0.710s] Level 1:colcon.colcon_core.environment:checking '/home/theanh/agv_test_ws/install/agv_test_pkg/bin'
[0.711s] Level 1:colcon.colcon_core.environment:checking '/home/theanh/agv_test_ws/install/agv_test_pkg/lib/pkgconfig/agv_test_pkg.pc'
[0.711s] Level 1:colcon.colcon_core.environment:checking '/home/theanh/agv_test_ws/install/agv_test_pkg/lib/python3.10/site-packages'
[0.711s] Level 1:colcon.colcon_core.environment:checking '/home/theanh/agv_test_ws/install/agv_test_pkg/bin'
[0.711s] INFO:colcon.colcon_core.shell:Creating package script '/home/theanh/agv_test_ws/install/agv_test_pkg/share/agv_test_pkg/package.ps1'
[0.711s] INFO:colcon.colcon_core.shell:Creating package descriptor '/home/theanh/agv_test_ws/install/agv_test_pkg/share/agv_test_pkg/package.dsv'
[0.712s] INFO:colcon.colcon_core.shell:Creating package script '/home/theanh/agv_test_ws/install/agv_test_pkg/share/agv_test_pkg/package.sh'
[0.712s] INFO:colcon.colcon_core.shell:Creating package script '/home/theanh/agv_test_ws/install/agv_test_pkg/share/agv_test_pkg/package.bash'
[0.713s] INFO:colcon.colcon_core.shell:Creating package script '/home/theanh/agv_test_ws/install/agv_test_pkg/share/agv_test_pkg/package.zsh'
[0.713s] Level 1:colcon.colcon_core.environment:create_file_with_runtime_dependencies(/home/theanh/agv_test_ws/install/agv_test_pkg/share/colcon-core/packages/agv_test_pkg)
[0.723s] Level 1:colcon.colcon_core.environment:create_environment_scripts_only(sllidar_ros2)
[0.723s] Level 1:colcon.colcon_core.environment:checking '/home/theanh/agv_test_ws/install/sllidar_ros2' for CMake module files
[0.723s] DEBUG:colcon.colcon_core.event_handler.log_command:Invoked command in '/home/theanh/agv_test_ws/build/sllidar_ros2' returned '0': CMAKE_PREFIX_PATH=${CMAKE_PREFIX_PATH}:/home/theanh/mobile_rb_ws/install/nav2_gps_waypoint_follower_demo:/home/theanh/ros2_ws/install/actions_py:/home/theanh/ros2_ws/install/my_robot_controller:/opt/ros/humble /usr/bin/cmake --install /home/theanh/agv_test_ws/build/sllidar_ros2
[0.724s] Level 1:colcon.colcon_core.environment:checking '/home/theanh/agv_test_ws/install/sllidar_ros2' for CMake config files
[0.724s] Level 1:colcon.colcon_core.shell:create_environment_hook('sllidar_ros2', 'cmake_prefix_path')
[0.724s] INFO:colcon.colcon_core.shell:Creating environment hook '/home/theanh/agv_test_ws/install/sllidar_ros2/share/sllidar_ros2/hook/cmake_prefix_path.ps1'
[0.725s] INFO:colcon.colcon_core.shell:Creating environment descriptor '/home/theanh/agv_test_ws/install/sllidar_ros2/share/sllidar_ros2/hook/cmake_prefix_path.dsv'
[0.725s] INFO:colcon.colcon_core.shell:Creating environment hook '/home/theanh/agv_test_ws/install/sllidar_ros2/share/sllidar_ros2/hook/cmake_prefix_path.sh'
[0.725s] Level 1:colcon.colcon_core.environment:checking '/home/theanh/agv_test_ws/install/sllidar_ros2/lib'
[0.725s] Level 1:colcon.colcon_core.environment:checking '/home/theanh/agv_test_ws/install/sllidar_ros2/bin'
[0.725s] Level 1:colcon.colcon_core.environment:checking '/home/theanh/agv_test_ws/install/sllidar_ros2/lib/pkgconfig/sllidar_ros2.pc'
[0.726s] Level 1:colcon.colcon_core.environment:checking '/home/theanh/agv_test_ws/install/sllidar_ros2/lib/python3.10/site-packages'
[0.726s] Level 1:colcon.colcon_core.environment:checking '/home/theanh/agv_test_ws/install/sllidar_ros2/bin'
[0.726s] INFO:colcon.colcon_core.shell:Creating package script '/home/theanh/agv_test_ws/install/sllidar_ros2/share/sllidar_ros2/package.ps1'
[0.726s] INFO:colcon.colcon_core.shell:Creating package descriptor '/home/theanh/agv_test_ws/install/sllidar_ros2/share/sllidar_ros2/package.dsv'
[0.727s] INFO:colcon.colcon_core.shell:Creating package script '/home/theanh/agv_test_ws/install/sllidar_ros2/share/sllidar_ros2/package.sh'
[0.727s] INFO:colcon.colcon_core.shell:Creating package script '/home/theanh/agv_test_ws/install/sllidar_ros2/share/sllidar_ros2/package.bash'
[0.727s] INFO:colcon.colcon_core.shell:Creating package script '/home/theanh/agv_test_ws/install/sllidar_ros2/share/sllidar_ros2/package.zsh'
[0.727s] Level 1:colcon.colcon_core.environment:create_file_with_runtime_dependencies(/home/theanh/agv_test_ws/install/sllidar_ros2/share/colcon-core/packages/sllidar_ros2)
[0.728s] Level 1:colcon.colcon_core.environment:create_environment_scripts_only(sllidar_ros2)
[0.728s] Level 1:colcon.colcon_core.environment:checking '/home/theanh/agv_test_ws/install/sllidar_ros2' for CMake module files
[0.728s] Level 1:colcon.colcon_core.environment:checking '/home/theanh/agv_test_ws/install/sllidar_ros2' for CMake config files
[0.729s] Level 1:colcon.colcon_core.shell:create_environment_hook('sllidar_ros2', 'cmake_prefix_path')
[0.729s] INFO:colcon.colcon_core.shell:Creating environment hook '/home/theanh/agv_test_ws/install/sllidar_ros2/share/sllidar_ros2/hook/cmake_prefix_path.ps1'
[0.729s] INFO:colcon.colcon_core.shell:Creating environment descriptor '/home/theanh/agv_test_ws/install/sllidar_ros2/share/sllidar_ros2/hook/cmake_prefix_path.dsv'
[0.729s] INFO:colcon.colcon_core.shell:Creating environment hook '/home/theanh/agv_test_ws/install/sllidar_ros2/share/sllidar_ros2/hook/cmake_prefix_path.sh'
[0.730s] Level 1:colcon.colcon_core.environment:checking '/home/theanh/agv_test_ws/install/sllidar_ros2/lib'
[0.730s] Level 1:colcon.colcon_core.environment:checking '/home/theanh/agv_test_ws/install/sllidar_ros2/bin'
[0.730s] Level 1:colcon.colcon_core.environment:checking '/home/theanh/agv_test_ws/install/sllidar_ros2/lib/pkgconfig/sllidar_ros2.pc'
[0.730s] Level 1:colcon.colcon_core.environment:checking '/home/theanh/agv_test_ws/install/sllidar_ros2/lib/python3.10/site-packages'
[0.730s] Level 1:colcon.colcon_core.environment:checking '/home/theanh/agv_test_ws/install/sllidar_ros2/bin'
[0.730s] INFO:colcon.colcon_core.shell:Creating package script '/home/theanh/agv_test_ws/install/sllidar_ros2/share/sllidar_ros2/package.ps1'
[0.731s] INFO:colcon.colcon_core.shell:Creating package descriptor '/home/theanh/agv_test_ws/install/sllidar_ros2/share/sllidar_ros2/package.dsv'
[0.731s] INFO:colcon.colcon_core.shell:Creating package script '/home/theanh/agv_test_ws/install/sllidar_ros2/share/sllidar_ros2/package.sh'
[0.731s] INFO:colcon.colcon_core.shell:Creating package script '/home/theanh/agv_test_ws/install/sllidar_ros2/share/sllidar_ros2/package.bash'
[0.731s] INFO:colcon.colcon_core.shell:Creating package script '/home/theanh/agv_test_ws/install/sllidar_ros2/share/sllidar_ros2/package.zsh'
[0.732s] Level 1:colcon.colcon_core.environment:create_file_with_runtime_dependencies(/home/theanh/agv_test_ws/install/sllidar_ros2/share/colcon-core/packages/sllidar_ros2)
[0.732s] DEBUG:colcon.colcon_parallel_executor.executor.parallel:closing loop
[0.732s] DEBUG:colcon.colcon_parallel_executor.executor.parallel:loop closed
[0.732s] DEBUG:colcon.colcon_parallel_executor.executor.parallel:run_until_complete finished with '0'
[0.732s] DEBUG:colcon.colcon_core.event_reactor:joining thread
[0.736s] INFO:colcon.colcon_core.plugin_system:Skipping extension 'colcon_notification.desktop_notification.terminal_notifier': Not used on non-Darwin systems
[0.736s] INFO:colcon.colcon_core.plugin_system:Skipping extension 'colcon_notification.desktop_notification.win32': Not used on non-Windows systems
[0.736s] INFO:colcon.colcon_notification.desktop_notification:Sending desktop notification using 'notify2'
[0.746s] DEBUG:colcon.colcon_core.event_reactor:joined thread
[0.746s] INFO:colcon.colcon_core.shell:Creating prefix script '/home/theanh/agv_test_ws/install/local_setup.ps1'
[0.747s] INFO:colcon.colcon_core.shell:Creating prefix util module '/home/theanh/agv_test_ws/install/_local_setup_util_ps1.py'
[0.748s] INFO:colcon.colcon_core.shell:Creating prefix chain script '/home/theanh/agv_test_ws/install/setup.ps1'
[0.750s] INFO:colcon.colcon_core.shell:Creating prefix script '/home/theanh/agv_test_ws/install/local_setup.sh'
[0.750s] INFO:colcon.colcon_core.shell:Creating prefix util module '/home/theanh/agv_test_ws/install/_local_setup_util_sh.py'
[0.750s] INFO:colcon.colcon_core.shell:Creating prefix chain script '/home/theanh/agv_test_ws/install/setup.sh'
[0.751s] INFO:colcon.colcon_core.shell:Creating prefix script '/home/theanh/agv_test_ws/install/local_setup.bash'
[0.752s] INFO:colcon.colcon_core.shell:Creating prefix chain script '/home/theanh/agv_test_ws/install/setup.bash'
[0.753s] INFO:colcon.colcon_core.shell:Creating prefix script '/home/theanh/agv_test_ws/install/local_setup.zsh'
[0.753s] INFO:colcon.colcon_core.shell:Creating prefix chain script '/home/theanh/agv_test_ws/install/setup.zsh'
